<?xml version="1.0" encoding="UTF-8"?>
<!-- Generated by org.testng.reporters.JUnitXMLReporter -->
<testsuite hostname="RMM-PN-LT-023" name="MY Test" tests="1" failures="1" timestamp="23 Jul 2018 11:09:41 GMT" time="4.02" errors="0">
  <testcase name="test11" time="4.001" classname="Sample.tests.test1">
    <failure type="java.lang.AssertionError" message="Test passed expected [true] but found [false]">
      <![CDATA[java.lang.AssertionError: Test passed expected [true] but found [false]
	at Sample.tests.test1.test11(test1.java:20)
... Removed 30 stack frames]]>
    </failure>
  </testcase> <!-- test11 -->
</testsuite> <!-- MY Test -->
